Potential duplicate
===================
Johnson, Ms I
34 Fir Ln
Salem, OR 97620
==========
Johnson, Mrs Z
34 Orange St
Coos Bay, OR 97620

Potential duplicate
===================
Adams, Mr H
61 Pine Dr
Salem, OR 97232
==========
Adams, Dr Z
61 Maple Blvd
Eugene, OR 97232

Potential duplicate
===================
Jefferson, Miss Q
62 Sycamore St
Bend, OR 97568
==========
Jefferson, Prof Y
62 Pear St
Junction City, OR 97568

Potential duplicate
===================
Adams, Herr F
10 Pine Ave
Bend, OR 97953
==========
Adams, Mr S
10 Pine St
Albany, OR 97953

Potential duplicate
===================
Monroe, Mrs Q
65 Pine Dr
Corvallis, OR 97946
==========
Monroe, Prof F
65 Maple Ln
Coos Bay, OR 97946

Potential duplicate
===================
Rockefeller, Prof Y
10 Spruce St
Corvallis, OR 97124
==========
Rockefeller, Herr Y
10 Quince Dr
Albany, OR 97124

Potential duplicate
===================
Smith, Herr K
57 Fir St
Bend, OR 97287
==========
Smith, Prof H
57 Sycamore Ave
Coos Bay, OR 97287

Potential duplicate
===================
Kennedy, Herr E
50 Apple Ave
Portland, OR 97120
==========
Kennedy, Ms F
50 Quince St
Salem, OR 97120

Potential duplicate
===================
Johnson, Ms Y
58 Fir Ln
Salem, OR 97871
==========
Johnson, Ms G
58 Sycamore Ave
Junction City, OR 97871

Potential duplicate
===================
Washington, Ms J
82 Spruce Blvd
Bend, OR 97998
==========
Washington, Prof M
82 Fir Ave
Coos Bay, OR 97998

Potential duplicate
===================
Johnson, Prof L
54 Sycamore Blvd
Junction City, OR 97720
==========
Johnson, Mr E
54 Maple Ave
Bend, OR 97720

Potential duplicate
===================
Jackson, Prof A
63 Fir Blvd
Junction City, OR 97050
==========
Jackson, Prof K
63 Quince Blvd
Bend, OR 97050

Potential duplicate
===================
Johnson, Herr I
35 Pine Blvd
Salem, OR 97471
==========
Johnson, Herr G
35 Fir Blvd
Junction City, OR 97471

Potential duplicate
===================
Jackson, Dr A
4 Orange Blvd
Portland, OR 97906
==========
Jackson, Miss S
4 Pear Ave
Eugene, OR 97906

Potential duplicate
===================
Jackson, Herr B
45 Quince Dr
Portland, OR 97858
==========
Jackson, Miss D
45 Spruce St
Bend, OR 97858

Potential duplicate
===================
Johnson, Mrs L
80 Orange Dr
Corvallis, OR 97814
==========
Johnson, Mrs Q
80 Quince Blvd
Albany, OR 97814

Potential duplicate
===================
Madison, Mrs S
7 Quince St
Coos Bay, OR 97848
==========
Madison, Herr Y
7 Pine Blvd
Portland, OR 97848

Potential duplicate
===================
Jones, Mrs V
63 Apple Ln
Portland, OR 97681
==========
Jones, Mrs J
63 Pine Blvd
Portland, OR 97681

Potential duplicate
===================
Johnson, Miss F
70 Oak St
Junction City, OR 97906
==========
Johnson, Ms C
70 Sycamore Ln
Portland, OR 97906

Potential duplicate
===================
Washington, Mr M
89 Orange Blvd
Portland, OR 97254
==========
Washington, Mrs T
89 Pear Ln
Coos Bay, OR 97254

Potential duplicate
===================
Jefferson, Miss W
45 Pear Ln
Eugene, OR 97349
==========
Jefferson, Mrs M
45 Orange Ave
Corvallis, OR 97349

Potential duplicate
===================
Jones, Dr E
43 Sycamore Blvd
Salem, OR 97661
==========
Jones, Dr J
43 Orange Ave
Coos Bay, OR 97661

Potential duplicate
===================
Jones, Prof V
23 Sycamore Dr
Albany, OR 97827
==========
Jones, Mrs L
23 Maple St
Corvallis, OR 97827

Potential duplicate
===================
Adams, Mr W
98 Apple Ln
Bend, OR 97827
==========
Adams, Ms W
98 Pear Ave
Bend, OR 97827

Potential duplicate
===================
Smith, Mrs D
69 Fir Ave
Coos Bay, OR 97097
==========
Smith, Mr D
69 Sycamore Blvd
Corvallis, OR 97097

Potential duplicate
===================
Jefferson, Prof B
71 Pine Blvd
Coos Bay, OR 97396
==========
Jefferson, Herr L
71 Pine St
Corvallis, OR 97396

Potential duplicate
===================
Adams, Mr J
33 Oak Ln
Junction City, OR 97537
==========
Adams, Mrs J
33 Pear St
Eugene, OR 97537

Potential duplicate
===================
Eisenhower, Mr N
85 Pine St
Albany, OR 97373
==========
Eisenhower, Mrs P
85 Maple St
Corvallis, OR 97373

Potential duplicate
===================
Jackson, Herr X
77 Maple Ln
Corvallis, OR 97413
==========
Jackson, Miss S
77 Maple Blvd
Eugene, OR 97413

Potential duplicate
===================
Rockefeller, Mrs G
65 Quince Ave
Eugene, OR 97194
==========
Rockefeller, Prof Y
65 Fir Ln
Eugene, OR 97194

Potential duplicate
===================
Jackson, Dr G
2 Apple St
Eugene, OR 97676
==========
Jackson, Miss O
2 Maple Dr
Junction City, OR 97676

Potential duplicate
===================
Johnson, Herr C
75 Orange Blvd
Salem, OR 97225
==========
Johnson, Prof Y
75 Maple Ln
Coos Bay, OR 97225

Potential duplicate
===================
Johnson, Ms J
51 Apple Dr
Eugene, OR 97832
==========
Johnson, Mrs K
51 Maple Ave
Eugene, OR 97832

Potential duplicate
===================
Rockefeller, Mrs Z
40 Sycamore Dr
Salem, OR 97728
==========
Rockefeller, Herr P
40 Pear Ave
Salem, OR 97728

Potential duplicate
===================
Jackson, Ms Z
71 Pear St
Albany, OR 97827
==========
Jackson, Mr K
71 Pear St
Junction City, OR 97827

Potential duplicate
===================
Lincoln, Ms N
80 Sycamore Ave
Coos Bay, OR 97076
==========
Lincoln, Mr S
80 Pear Dr
Salem, OR 97076

Potential duplicate
===================
Madison, Prof R
1 Sycamore St
Salem, OR 97960
==========
Madison, Mrs L
1 Oak Dr
Salem, OR 97960

Potential duplicate
===================
Lincoln, Miss X
94 Pear Dr
Salem, OR 97113
==========
Lincoln, Prof D
94 Quince Blvd
Corvallis, OR 97113

Potential duplicate
===================
Lincoln, Mr P
31 Maple Dr
Bend, OR 97507
==========
Lincoln, Herr U
31 Pine Blvd
Eugene, OR 97507

Potential duplicate
===================
Jackson, Mr O
36 Sycamore St
Bend, OR 97110
==========
Jackson, Dr P
36 Apple Blvd
Portland, OR 97110

Potential duplicate
===================
Washington, Ms U
16 Orange Ln
Coos Bay, OR 97545
==========
Washington, Mr N
16 Fir St
Portland, OR 97545

Potential duplicate
===================
Jones, Prof X
27 Orange Blvd
Portland, OR 97007
==========
Jones, Mr L
27 Spruce Ave
Albany, OR 97007

Potential duplicate
===================
Madison, Miss X
60 Apple St
Albany, OR 97637
==========
Madison, Miss W
60 Pear Ave
Salem, OR 97637

Potential duplicate
===================
Jefferson, Mr A
53 Maple Blvd
Salem, OR 97230
==========
Jefferson, Herr A
53 Orange Ave
Coos Bay, OR 97230

Potential duplicate
===================
Jones, Prof T
78 Orange Ave
Albany, OR 97143
==========
Jones, Mr E
78 Maple Blvd
Albany, OR 97143

Potential duplicate
===================
Jackson, Mr X
84 Orange Ave
Junction City, OR 97951
==========
Jackson, Mr N
84 Apple Blvd
Bend, OR 97951

Potential duplicate
===================
Adams, Ms E
40 Pear Ave
Albany, OR 97932
==========
Adams, Ms N
40 Quince Dr
Bend, OR 97932

Potential duplicate
===================
Washington, Dr M
23 Quince Dr
Albany, OR 97803
==========
Washington, Ms V
23 Pear Dr
Albany, OR 97803

Potential duplicate
===================
Lincoln, Mrs P
46 Spruce Blvd
Coos Bay, OR 97690
==========
Lincoln, Ms H
46 Oak Ln
Corvallis, OR 97690

Potential duplicate
===================
Jones, Herr M
17 Pear St
Coos Bay, OR 97450
==========
Jones, Herr B
17 Pine Ave
Coos Bay, OR 97450

Potential duplicate
===================
Kennedy, Prof H
59 Oak St
Eugene, OR 97279
==========
Kennedy, Mrs B
59 Maple Ln
Albany, OR 97279

